#
# There is insufficient memory for the Java Runtime Environment to continue.
# Native memory allocation (mmap) failed to map 671744 bytes for card table expansion
# Possible reasons:
#   The system is out of physical RAM or swap space
#   In 32 bit mode, the process size limit was hit
# Possible solutions:
#   Reduce memory load on the system
#   Increase physical memory or swap space
#   Check if swap backing store is full
#   Use 64 bit Java on a 64 bit OS
#   Decrease Java heap size (-Xmx/-Xms)
#   Decrease number of Java threads
#   Decrease Java thread stack sizes (-Xss)
#   Set larger code cache with -XX:ReservedCodeCacheSize=
# This output file may be truncated or incomplete.
#
#  Out of Memory Error (os_windows.cpp:3331), pid=13876, tid=0x0000000000000780
#
# JRE version: Java(TM) SE Runtime Environment (8.0_181-b13) (build 1.8.0_181-b13)
# Java VM: Java HotSpot(TM) 64-Bit Server VM (25.181-b13 mixed mode windows-amd64 compressed oops)
# Failed to write core dump. Minidumps are not enabled by default on client versions of Windows
#

---------------  T H R E A D  ---------------

Current thread (0x000000001c708800):  VMThread [stack: 0x000000001d7b0000,0x000000001d8b0000] [id=1920]

Stack: [0x000000001d7b0000,0x000000001d8b0000]
[error occurred during error reporting (printing stack bounds), id 0xc0000005]

Native frames: (J=compiled Java code, j=interpreted, Vv=VM code, C=native code)

VM_Operation (0x000000002306d8f0): CollectForMetadataAllocation, mode: safepoint, requested by thread 0x0000000021f1e800


---------------  P R O C E S S  ---------------

Java Threads: ( => current thread )
  0x000000001ea81000 JavaThread "Thread-3" daemon [_thread_in_native, id=12572, stack(0x0000000000f30000,0x0000000001030000)]
  0x0000000021f1e800 JavaThread "localhost-startStop-1" daemon [_thread_blocked, id=14212, stack(0x0000000022f70000,0x0000000023070000)]
  0x000000001dcf6000 JavaThread "Tomcat-startStop-1" daemon [_thread_blocked, id=13132, stack(0x00000000229a0000,0x0000000022aa0000)]
  0x000000001db55800 JavaThread "Service Thread" daemon [_thread_blocked, id=14056, stack(0x000000001e4b0000,0x000000001e5b0000)]
  0x000000001db4d800 JavaThread "C1 CompilerThread2" daemon [_thread_blocked, id=6472, stack(0x000000001e3b0000,0x000000001e4b0000)]
  0x000000001daf5800 JavaThread "C2 CompilerThread1" daemon [_thread_blocked, id=4580, stack(0x000000001e2b0000,0x000000001e3b0000)]
  0x000000001daf3000 JavaThread "C2 CompilerThread0" daemon [_thread_blocked, id=10192, stack(0x000000001e1b0000,0x000000001e2b0000)]
  0x000000001dae8800 JavaThread "Monitor Ctrl-Break" daemon [_thread_in_native, id=10772, stack(0x000000001e0b0000,0x000000001e1b0000)]
  0x000000001c796000 JavaThread "Attach Listener" daemon [_thread_blocked, id=4276, stack(0x000000001dfb0000,0x000000001e0b0000)]
  0x000000001c795800 JavaThread "Signal Dispatcher" daemon [_thread_blocked, id=10220, stack(0x000000001deb0000,0x000000001dfb0000)]
  0x000000001c730000 JavaThread "Finalizer" daemon [_thread_blocked, id=12660, stack(0x000000001d9b0000,0x000000001dab0000)]
  0x00000000030c2800 JavaThread "Reference Handler" daemon [_thread_blocked, id=12092, stack(0x000000001d8b0000,0x000000001d9b0000)]
  0x0000000002cee800 JavaThread "main" [_thread_blocked, id=6652, stack(0x0000000002b90000,0x0000000002c90000)]

Other Threads:
=>0x000000001c708800 VMThread [stack: 0x000000001d7b0000,0x000000001d8b0000] [id=1920]
  0x000000001db99800 WatcherThread [stack: 0x000000001e5b0000,0x000000001e6b0000] [id=6380]

VM state:at safepoint (normal execution)

VM Mutex/Monitor currently owned by a thread:  ([mutex/lock_event])
[0x0000000002fd0b50] Threads_lock - owner thread: 0x000000001c708800
[0x0000000002fd15e0] Heap_lock - owner thread: 0x0000000021f1e800

Heap:
 PSYoungGen      total 443392K, used 45037K [0x000000076ae00000, 0x000000079d400000, 0x00000007c0000000)
  eden space 398336K, 0% used [0x000000076ae00000,0x000000076ae00000,0x0000000783300000)
  from space 45056K, 99% used [0x0000000783300000,0x0000000785efb7d0,0x0000000785f00000)
  to   space 39424K, 0% used [0x0000000785f00000,0x0000000785f00000,0x0000000788580000)
 ParOldGen       total 349696K, used 41972K [0x00000006c0a00000, 0x00000006d5f80000, 0x000000076ae00000)
  object space 349696K, 12% used [0x00000006c0a00000,0x00000006c32fd338,0x00000006d5f80000)
 Metaspace       used 34528K, capacity 35194K, committed 35416K, reserved 1081344K
  class space    used 4013K, capacity 4202K, committed 4224K, reserved 1048576K

Card table byte_map: [0x0000000012490000,0x0000000012c90000] byte_map_base: 0x000000000ee8b000

Marking Bits: (ParMarkBitMap*) 0x000000006f252d00
 Begin Bits: [0x00000000135f0000, 0x00000000175c8000)
 End Bits:   [0x00000000175c8000, 0x000000001b5a0000)

Polling page: 0x0000000002c90000

CodeCache: size=245760Kb used=16684Kb max_used=16690Kb free=229075Kb
 bounds [0x00000000030d0000, 0x0000000004130000, 0x00000000120d0000]
 total_blobs=4968 nmethods=4524 adapters=356
 compilation: enabled

Compilation events (10 events):
Event: 93.273 Thread 0x000000001db4d800 5294       3       org.apache.log4j.Priority::isGreaterOrEqual (17 bytes)
Event: 93.274 Thread 0x000000001db4d800 nmethod 5294 0x0000000004128e10 code [0x0000000004128f60, 0x0000000004129110]
Event: 93.274 Thread 0x000000001db4d800 5289       3       sun.reflect.generics.reflectiveObjects.ParameterizedTypeImpl::getRawType (5 bytes)
Event: 93.274 Thread 0x000000001db4d800 nmethod 5289 0x00000000041291d0 code [0x0000000004129320, 0x0000000004129490]
Event: 93.274 Thread 0x000000001db4d800 5295       1       org.springframework.core.MethodParameter::getParameterIndex (5 bytes)
Event: 93.274 Thread 0x000000001db4d800 nmethod 5295 0x0000000004125ed0 code [0x0000000004126020, 0x0000000004126130]
Event: 93.383 Thread 0x000000001db4d800 5298       3       java.lang.Boolean::valueOf (17 bytes)
Event: 93.384 Thread 0x000000001db4d800 nmethod 5298 0x0000000004129510 code [0x0000000004129680, 0x00000000041299c8]
Event: 93.543 Thread 0x000000001daf5800 5299       4       java.util.Hashtable::addEntry (87 bytes)
Event: 93.573 Thread 0x000000001daf5800 nmethod 5299 0x000000000412b250 code [0x000000000412b420, 0x000000000412bf38]

GC Heap History (10 events):
Event: 46.188 GC heap after
Heap after GC invocations=3 (full 1):
 PSYoungGen      total 153088K, used 0K [0x000000076ae00000, 0x0000000775880000, 0x00000007c0000000)
  eden space 131584K, 0% used [0x000000076ae00000,0x000000076ae00000,0x0000000772e80000)
  from space 21504K, 0% used [0x0000000774380000,0x0000000774380000,0x0000000775880000)
  to   space 21504K, 0% used [0x0000000772e80000,0x0000000772e80000,0x0000000774380000)
 ParOldGen       total 349696K, used 14820K [0x00000006c0a00000, 0x00000006d5f80000, 0x000000076ae00000)
  object space 349696K, 4% used [0x00000006c0a00000,0x00000006c18791c0,0x00000006d5f80000)
 Metaspace       used 20519K, capacity 21040K, committed 21248K, reserved 1069056K
  class space    used 2356K, capacity 2495K, committed 2560K, reserved 1048576K
}
Event: 50.006 GC heap before
{Heap before GC invocations=4 (full 1):
 PSYoungGen      total 153088K, used 131584K [0x000000076ae00000, 0x0000000775880000, 0x00000007c0000000)
  eden space 131584K, 100% used [0x000000076ae00000,0x0000000772e80000,0x0000000772e80000)
  from space 21504K, 0% used [0x0000000774380000,0x0000000774380000,0x0000000775880000)
  to   space 21504K, 0% used [0x0000000772e80000,0x0000000772e80000,0x0000000774380000)
 ParOldGen       total 349696K, used 14820K [0x00000006c0a00000, 0x00000006d5f80000, 0x000000076ae00000)
  object space 349696K, 4% used [0x00000006c0a00000,0x00000006c18791c0,0x00000006d5f80000)
 Metaspace       used 24524K, capacity 25140K, committed 25344K, reserved 1071104K
  class space    used 2809K, capacity 2966K, committed 3072K, reserved 1048576K
Event: 50.095 GC heap after
Heap after GC invocations=4 (full 1):
 PSYoungGen      total 153088K, used 19070K [0x000000076ae00000, 0x000000077ad80000, 0x00000007c0000000)
  eden space 131584K, 0% used [0x000000076ae00000,0x000000076ae00000,0x0000000772e80000)
  from space 21504K, 88% used [0x0000000772e80000,0x000000077411f8c8,0x0000000774380000)
  to   space 21504K, 0% used [0x0000000779880000,0x0000000779880000,0x000000077ad80000)
 ParOldGen       total 349696K, used 14828K [0x00000006c0a00000, 0x00000006d5f80000, 0x000000076ae00000)
  object space 349696K, 4% used [0x00000006c0a00000,0x00000006c187b1c0,0x00000006d5f80000)
 Metaspace       used 24524K, capacity 25140K, committed 25344K, reserved 1071104K
  class space    used 2809K, capacity 2966K, committed 3072K, reserved 1048576K
}
Event: 52.190 GC heap before
{Heap before GC invocations=5 (full 1):
 PSYoungGen      total 153088K, used 150654K [0x000000076ae00000, 0x000000077ad80000, 0x00000007c0000000)
  eden space 131584K, 100% used [0x000000076ae00000,0x0000000772e80000,0x0000000772e80000)
  from space 21504K, 88% used [0x0000000772e80000,0x000000077411f8c8,0x0000000774380000)
  to   space 21504K, 0% used [0x0000000779880000,0x0000000779880000,0x000000077ad80000)
 ParOldGen       total 349696K, used 14828K [0x00000006c0a00000, 0x00000006d5f80000, 0x000000076ae00000)
  object space 349696K, 4% used [0x00000006c0a00000,0x00000006c187b1c0,0x00000006d5f80000)
 Metaspace       used 24541K, capacity 25140K, committed 25344K, reserved 1071104K
  class space    used 2811K, capacity 2966K, committed 3072K, reserved 1048576K
Event: 52.329 GC heap after
Heap after GC invocations=5 (full 1):
 PSYoungGen      total 240128K, used 21472K [0x000000076ae00000, 0x000000077c380000, 0x00000007c0000000)
  eden space 218624K, 0% used [0x000000076ae00000,0x000000076ae00000,0x0000000778380000)
  from space 21504K, 99% used [0x0000000779880000,0x000000077ad78100,0x000000077ad80000)
  to   space 21504K, 0% used [0x0000000778380000,0x0000000778380000,0x0000000779880000)
 ParOldGen       total 349696K, used 19948K [0x00000006c0a00000, 0x00000006d5f80000, 0x000000076ae00000)
  object space 349696K, 5% used [0x00000006c0a00000,0x00000006c1d7b158,0x00000006d5f80000)
 Metaspace       used 24541K, capacity 25140K, committed 25344K, reserved 1071104K
  class space    used 2811K, capacity 2966K, committed 3072K, reserved 1048576K
}
Event: 56.326 GC heap before
{Heap before GC invocations=6 (full 1):
 PSYoungGen      total 240128K, used 240096K [0x000000076ae00000, 0x000000077c380000, 0x00000007c0000000)
  eden space 218624K, 100% used [0x000000076ae00000,0x0000000778380000,0x0000000778380000)
  from space 21504K, 99% used [0x0000000779880000,0x000000077ad78100,0x000000077ad80000)
  to   space 21504K, 0% used [0x0000000778380000,0x0000000778380000,0x0000000779880000)
 ParOldGen       total 349696K, used 19948K [0x00000006c0a00000, 0x00000006d5f80000, 0x000000076ae00000)
  object space 349696K, 5% used [0x00000006c0a00000,0x00000006c1d7b158,0x00000006d5f80000)
 Metaspace       used 24555K, capacity 25150K, committed 25344K, reserved 1071104K
  class space    used 2813K, capacity 2968K, committed 3072K, reserved 1048576K
Event: 56.468 GC heap after
Heap after GC invocations=6 (full 1):
 PSYoungGen      total 240128K, used 21489K [0x000000076ae00000, 0x0000000788580000, 0x00000007c0000000)
  eden space 218624K, 0% used [0x000000076ae00000,0x000000076ae00000,0x0000000778380000)
  from space 21504K, 99% used [0x0000000778380000,0x000000077987c638,0x0000000779880000)
  to   space 39424K, 0% used [0x0000000785f00000,0x0000000785f00000,0x0000000788580000)
 ParOldGen       total 349696K, used 37839K [0x00000006c0a00000, 0x00000006d5f80000, 0x000000076ae00000)
  object space 349696K, 10% used [0x00000006c0a00000,0x00000006c2ef3ff0,0x00000006d5f80000)
 Metaspace       used 24555K, capacity 25150K, committed 25344K, reserved 1071104K
  class space    used 2813K, capacity 2968K, committed 3072K, reserved 1048576K
}
Event: 64.378 GC heap before
{Heap before GC invocations=7 (full 1):
 PSYoungGen      total 240128K, used 240113K [0x000000076ae00000, 0x0000000788580000, 0x00000007c0000000)
  eden space 218624K, 100% used [0x000000076ae00000,0x0000000778380000,0x0000000778380000)
  from space 21504K, 99% used [0x0000000778380000,0x000000077987c638,0x0000000779880000)
  to   space 39424K, 0% used [0x0000000785f00000,0x0000000785f00000,0x0000000788580000)
 ParOldGen       total 349696K, used 37839K [0x00000006c0a00000, 0x00000006d5f80000, 0x000000076ae00000)
  object space 349696K, 10% used [0x00000006c0a00000,0x00000006c2ef3ff0,0x00000006d5f80000)
 Metaspace       used 24556K, capacity 25150K, committed 25344K, reserved 1071104K
  class space    used 2813K, capacity 2968K, committed 3072K, reserved 1048576K
Event: 64.451 GC heap after
Heap after GC invocations=7 (full 1):
 PSYoungGen      total 437760K, used 38123K [0x000000076ae00000, 0x0000000788b80000, 0x00000007c0000000)
  eden space 398336K, 0% used [0x000000076ae00000,0x000000076ae00000,0x0000000783300000)
  from space 39424K, 96% used [0x0000000785f00000,0x000000078843ad80,0x0000000788580000)
  to   space 45056K, 0% used [0x0000000783300000,0x0000000783300000,0x0000000785f00000)
 ParOldGen       total 349696K, used 37847K [0x00000006c0a00000, 0x00000006d5f80000, 0x000000076ae00000)
  object space 349696K, 10% used [0x00000006c0a00000,0x00000006c2ef5ff0,0x00000006d5f80000)
 Metaspace       used 24556K, capacity 25150K, committed 25344K, reserved 1071104K
  class space    used 2813K, capacity 2968K, committed 3072K, reserved 1048576K
}
Event: 94.155 GC heap before
{Heap before GC invocations=8 (full 1):
 PSYoungGen      total 437760K, used 388982K [0x000000076ae00000, 0x0000000788b80000, 0x00000007c0000000)
  eden space 398336K, 88% used [0x000000076ae00000,0x00000007804a2e70,0x0000000783300000)
  from space 39424K, 96% used [0x0000000785f00000,0x000000078843ad80,0x0000000788580000)
  to   space 45056K, 0% used [0x0000000783300000,0x0000000783300000,0x0000000785f00000)
 ParOldGen       total 349696K, used 37847K [0x00000006c0a00000, 0x00000006d5f80000, 0x000000076ae00000)
  object space 349696K, 10% used [0x00000006c0a00000,0x00000006c2ef5ff0,0x00000006d5f80000)
 Metaspace       used 34528K, capacity 35194K, committed 35416K, reserved 1081344K
  class space    used 4013K, capacity 4202K, committed 4224K, reserved 1048576K

Deoptimization events (10 events):
Event: 79.983 Thread 0x0000000021f1e800 Uncommon trap: reason=class_check action=maybe_recompile pc=0x0000000003650a60 method=com.sun.org.apache.xerces.internal.impl.XMLDocumentFragmentScannerImpl$FragmentContentDriver.next()I @ 439
Event: 79.983 Thread 0x0000000021f1e800 Uncommon trap: reason=class_check action=maybe_recompile pc=0x0000000003650a60 method=com.sun.org.apache.xerces.internal.impl.XMLDocumentFragmentScannerImpl$FragmentContentDriver.next()I @ 439
Event: 80.277 Thread 0x0000000021f1e800 Uncommon trap: reason=class_check action=maybe_recompile pc=0x0000000003c8ced8 method=com.sun.org.apache.xerces.internal.impl.XMLDocumentFragmentScannerImpl$FragmentContentDriver.next()I @ 1410
Event: 80.305 Thread 0x0000000021f1e800 Uncommon trap: reason=class_check action=maybe_recompile pc=0x0000000003c8ced8 method=com.sun.org.apache.xerces.internal.impl.XMLDocumentFragmentScannerImpl$FragmentContentDriver.next()I @ 1410
Event: 80.669 Thread 0x0000000021f1e800 Uncommon trap: reason=unstable_if action=reinterpret pc=0x000000000348d6e0 method=java.util.concurrent.ConcurrentHashMap.putVal(Ljava/lang/Object;Ljava/lang/Object;Z)Ljava/lang/Object; @ 206
Event: 81.080 Thread 0x0000000021f1e800 Uncommon trap: reason=unstable_if action=reinterpret pc=0x0000000003edcdd4 method=java.lang.ClassLoader.getPackage(Ljava/lang/String;)Ljava/lang/Package; @ 60
Event: 81.238 Thread 0x0000000021f1e800 Uncommon trap: reason=bimorphic action=maybe_recompile pc=0x0000000003892814 method=java.util.HashMap.putVal(ILjava/lang/Object;Ljava/lang/Object;ZZ)Ljava/lang/Object; @ 253
Event: 81.265 Thread 0x0000000021f1e800 Uncommon trap: reason=bimorphic action=maybe_recompile pc=0x0000000003892814 method=java.util.HashMap.putVal(ILjava/lang/Object;Ljava/lang/Object;ZZ)Ljava/lang/Object; @ 253
Event: 82.415 Thread 0x0000000021f1e800 Uncommon trap: reason=bimorphic action=maybe_recompile pc=0x0000000003ea4978 method=java.util.Hashtable.addEntry(ILjava/lang/Object;Ljava/lang/Object;I)V @ 38
Event: 82.811 Thread 0x0000000021f1e800 Uncommon trap: reason=unstable_if action=reinterpret pc=0x0000000003a6a6e0 method=sun.misc.URLClassPath$JarLoader.getResource(Ljava/lang/String;ZLjava/util/Set;)Lsun/misc/Resource; @ 17

Classes redefined (0 events):
No events

Internal exceptions (10 events):
Event: 93.052 Thread 0x0000000021f1e800 Exception <a 'java/lang/ClassNotFoundException': org/springframework/aop/support/AbstractBeanFactoryPointcutAdvisorCustomizer> (0x000000077f7c2398) thrown at [C:\re\workspace\8-2-build-windows-amd64-cygwin\jdk8u181\11358\hotspot\src\share\vm\classfile\sys
Event: 93.055 Thread 0x0000000021f1e800 Exception <a 'java/lang/ClassNotFoundException': org/springframework/aop/support/DefaultBeanFactoryPointcutAdvisorCustomizer> (0x000000077f7f5670) thrown at [C:\re\workspace\8-2-build-windows-amd64-cygwin\jdk8u181\11358\hotspot\src\share\vm\classfile\syst
Event: 93.087 Thread 0x0000000021f1e800 Exception <a 'java/lang/ClassNotFoundException': org/springframework/aop/aspectj/AspectJExpressionPointcutBeanInfo> (0x000000077f897178) thrown at [C:\re\workspace\8-2-build-windows-amd64-cygwin\jdk8u181\11358\hotspot\src\share\vm\classfile\systemDictiona
Event: 93.091 Thread 0x0000000021f1e800 Exception <a 'java/lang/ClassNotFoundException': org/springframework/aop/support/AbstractExpressionPointcutBeanInfo> (0x000000077f8bf388) thrown at [C:\re\workspace\8-2-build-windows-amd64-cygwin\jdk8u181\11358\hotspot\src\share\vm\classfile\systemDiction
Event: 93.093 Thread 0x0000000021f1e800 Exception <a 'java/lang/ClassNotFoundException': org/springframework/aop/support/AbstractExpressionPointcutCustomizer> (0x000000077f8e8620) thrown at [C:\re\workspace\8-2-build-windows-amd64-cygwin\jdk8u181\11358\hotspot\src\share\vm\classfile\systemDicti
Event: 93.096 Thread 0x0000000021f1e800 Exception <a 'java/lang/ClassNotFoundException': org/springframework/aop/aspectj/AspectJExpressionPointcutCustomizer> (0x000000077f917830) thrown at [C:\re\workspace\8-2-build-windows-amd64-cygwin\jdk8u181\11358\hotspot\src\share\vm\classfile\systemDictio
Event: 93.248 Thread 0x0000000021f1e800 Exception <a 'java/lang/ClassNotFoundException': org/apache/activemq/ActiveMQConnectionFactoryBeanInfo> (0x000000077fc55d00) thrown at [C:\re\workspace\8-2-build-windows-amd64-cygwin\jdk8u181\11358\hotspot\src\share\vm\classfile\systemDictionary.cpp, line
Event: 93.250 Thread 0x0000000021f1e800 Exception <a 'java/lang/ClassNotFoundException': org/apache/activemq/jndi/JNDIBaseStorableBeanInfo> (0x000000077fc763b0) thrown at [C:\re\workspace\8-2-build-windows-amd64-cygwin\jdk8u181\11358\hotspot\src\share\vm\classfile\systemDictionary.cpp, line 210
Event: 93.251 Thread 0x0000000021f1e800 Exception <a 'java/lang/ClassNotFoundException': org/apache/activemq/jndi/JNDIBaseStorableCustomizer> (0x000000077fc97ec0) thrown at [C:\re\workspace\8-2-build-windows-amd64-cygwin\jdk8u181\11358\hotspot\src\share\vm\classfile\systemDictionary.cpp, line 2
Event: 93.254 Thread 0x0000000021f1e800 Exception <a 'java/lang/ClassNotFoundException': org/apache/activemq/ActiveMQConnectionFactoryCustomizer> (0x000000077fcc0930) thrown at [C:\re\workspace\8-2-build-windows-amd64-cygwin\jdk8u181\11358\hotspot\src\share\vm\classfile\systemDictionary.cpp, li

Events (10 events):
Event: 94.146 loading class org/aspectj/weaver/patterns/NotAnnotationTypePattern done
Event: 94.147 loading class org/aspectj/weaver/patterns/ExactAnnotationFieldTypePattern
Event: 94.147 loading class org/aspectj/weaver/patterns/ExactAnnotationFieldTypePattern done
Event: 94.149 loading class org/aspectj/weaver/patterns/AnyWithAnnotationTypePattern
Event: 94.149 loading class org/aspectj/weaver/patterns/AnyWithAnnotationTypePattern done
Event: 94.150 loading class org/aspectj/weaver/patterns/ThisOrTargetAnnotationPointcut
Event: 94.150 loading class org/aspectj/weaver/patterns/ThisOrTargetAnnotationPointcut done
Event: 94.151 loading class org/aspectj/weaver/patterns/WithinCodeAnnotationPointcut
Event: 94.151 loading class org/aspectj/weaver/patterns/WithinCodeAnnotationPointcut done
Event: 94.155 Executing VM operation: CollectForMetadataAllocation


Dynamic libraries:
0x00007ff769200000 - 0x00007ff769237000 	C:\Program Files\Java\jdk1.8.0_181\bin\java.exe
0x00007ffeea610000 - 0x00007ffeea806000 	C:\WINDOWS\SYSTEM32\ntdll.dll
0x00007ffee9e40000 - 0x00007ffee9efd000 	C:\WINDOWS\System32\KERNEL32.DLL
0x00007ffee8380000 - 0x00007ffee8648000 	C:\WINDOWS\System32\KERNELBASE.dll
0x00007ffee87c0000 - 0x00007ffee886a000 	C:\WINDOWS\System32\ADVAPI32.dll
0x00007ffee8870000 - 0x00007ffee890e000 	C:\WINDOWS\System32\msvcrt.dll
0x00007ffee9c30000 - 0x00007ffee9ccb000 	C:\WINDOWS\System32\sechost.dll
0x00007ffeea1c0000 - 0x00007ffeea2e4000 	C:\WINDOWS\System32\RPCRT4.dll
0x00007ffeea360000 - 0x00007ffeea500000 	C:\WINDOWS\System32\USER32.dll
0x00007ffee8650000 - 0x00007ffee8672000 	C:\WINDOWS\System32\win32u.dll
0x00007ffee8790000 - 0x00007ffee87ba000 	C:\WINDOWS\System32\GDI32.dll
0x00007ffee8270000 - 0x00007ffee8379000 	C:\WINDOWS\System32\gdi32full.dll
0x00007ffee8170000 - 0x00007ffee820d000 	C:\WINDOWS\System32\msvcp_win.dll
0x00007ffee7ff0000 - 0x00007ffee80f0000 	C:\WINDOWS\System32\ucrtbase.dll
0x00007ffed8ed0000 - 0x00007ffed916b000 	C:\WINDOWS\WinSxS\amd64_microsoft.windows.common-controls_6595b64144ccf1df_6.0.19041.488_none_ca04af081b815d21\COMCTL32.dll
0x00007ffee9c00000 - 0x00007ffee9c30000 	C:\WINDOWS\System32\IMM32.DLL
0x000000006f9d0000 - 0x000000006faa2000 	C:\Program Files\Java\jdk1.8.0_181\jre\bin\msvcr100.dll
0x000000006ea30000 - 0x000000006f2d2000 	C:\Program Files\Java\jdk1.8.0_181\jre\bin\server\jvm.dll
0x00007ffee9e10000 - 0x00007ffee9e18000 	C:\WINDOWS\System32\PSAPI.DLL
0x00007ffeccec0000 - 0x00007ffeccec9000 	C:\WINDOWS\SYSTEM32\WSOCK32.dll
0x00007ffee9820000 - 0x00007ffee988b000 	C:\WINDOWS\System32\WS2_32.dll
0x00007ffedaee0000 - 0x00007ffedaf07000 	C:\WINDOWS\SYSTEM32\WINMM.dll
0x00007ffedf940000 - 0x00007ffedf94a000 	C:\WINDOWS\SYSTEM32\VERSION.dll
0x000000006f9c0000 - 0x000000006f9cf000 	C:\Program Files\Java\jdk1.8.0_181\jre\bin\verify.dll
0x000000006f990000 - 0x000000006f9b9000 	C:\Program Files\Java\jdk1.8.0_181\jre\bin\java.dll
0x000000006f770000 - 0x000000006f793000 	C:\Program Files\Java\jdk1.8.0_181\jre\bin\instrument.dll
0x000000006f970000 - 0x000000006f986000 	C:\Program Files\Java\jdk1.8.0_181\jre\bin\zip.dll
0x00007ffee8a30000 - 0x00007ffee9170000 	C:\WINDOWS\System32\SHELL32.dll
0x00007ffee5e90000 - 0x00007ffee6624000 	C:\WINDOWS\SYSTEM32\windows.storage.dll
0x00007ffee9890000 - 0x00007ffee9be5000 	C:\WINDOWS\System32\combase.dll
0x00007ffee77d0000 - 0x00007ffee77fc000 	C:\WINDOWS\SYSTEM32\Wldp.dll
0x00007ffee9f00000 - 0x00007ffee9fae000 	C:\WINDOWS\System32\SHCORE.dll
0x00007ffee9db0000 - 0x00007ffee9e05000 	C:\WINDOWS\System32\shlwapi.dll
0x00007ffee7c90000 - 0x00007ffee7cb6000 	C:\WINDOWS\SYSTEM32\profapi.dll
0x00007ffed7db0000 - 0x00007ffed7dca000 	D:\DevelopUtils\ideaIU-2020.2.win\bin\breakgen64.dll
0x000000006f950000 - 0x000000006f96a000 	C:\Program Files\Java\jdk1.8.0_181\jre\bin\net.dll
0x00007ffee7550000 - 0x00007ffee75ba000 	C:\WINDOWS\system32\mswsock.dll
0x00007ffee7720000 - 0x00007ffee7738000 	C:\WINDOWS\SYSTEM32\CRYPTSP.dll
0x00007ffee6e70000 - 0x00007ffee6ea4000 	C:\WINDOWS\system32\rsaenh.dll
0x00007ffee80f0000 - 0x00007ffee8117000 	C:\WINDOWS\System32\bcrypt.dll
0x00007ffee7c50000 - 0x00007ffee7c7e000 	C:\WINDOWS\SYSTEM32\USERENV.dll
0x00007ffee7f70000 - 0x00007ffee7fef000 	C:\WINDOWS\System32\bcryptprimitives.dll
0x00007ffee7740000 - 0x00007ffee774c000 	C:\WINDOWS\SYSTEM32\CRYPTBASE.dll
0x00007ffee71f0000 - 0x00007ffee722b000 	C:\WINDOWS\SYSTEM32\IPHLPAPI.DLL
0x00007ffeea350000 - 0x00007ffeea359000 	C:\WINDOWS\System32\NSI.dll
0x00007ffedffc0000 - 0x00007ffedffd7000 	C:\WINDOWS\SYSTEM32\dhcpcsvc6.DLL
0x00007ffee0310000 - 0x00007ffee032d000 	C:\WINDOWS\SYSTEM32\dhcpcsvc.DLL
0x00007ffee7240000 - 0x00007ffee730b000 	C:\WINDOWS\SYSTEM32\DNSAPI.dll
0x000000006f920000 - 0x000000006f931000 	C:\Program Files\Java\jdk1.8.0_181\jre\bin\nio.dll
0x00007ffed7d50000 - 0x00007ffed7d5a000 	C:\Users\Administrator\AppData\Local\Temp\jansi-1.17.1-2871375743891732062.dll
0x00007ffed7990000 - 0x00007ffed799a000 	C:\Users\Administrator\AppData\Local\Temp\jansi-1.17.1-2748204074333443963.dll
0x000000006f940000 - 0x000000006f94d000 	C:\Program Files\Java\jdk1.8.0_181\jre\bin\management.dll

VM Arguments:
jvm_args: -Dmaven.multiModuleProjectDirectory=E:\code\idea-workspace\taotao-parent\taotao-manager\taotao-manager-service -Xms512m -Xmx4086m -DarchetypeCatalog=internal -Dmaven.home=E:\developServer\apache-maven-3.6.3 -Dclassworlds.conf=E:\developServer\apache-maven-3.6.3\bin\m2.conf -Dmaven.ext.class.path=D:\DevelopUtils\ideaIU-2020.2.win\plugins\maven\lib\maven-event-listener.jar -javaagent:D:\DevelopUtils\ideaIU-2020.2.win\lib\idea_rt.jar=45999:D:\DevelopUtils\ideaIU-2020.2.win\bin -Dfile.encoding=UTF-8 
java_command: org.codehaus.classworlds.Launcher -Didea.version=2020.2.1 -s E:\developServer\apache-maven-3.6.3\conf\settings.xml -Dmaven.repo.local=E:\developServer\Repository -DskipTests=true tomcat7:run
java_class_path (initial): E:\developServer\apache-maven-3.6.3\boot\plexus-classworlds-2.6.0.jar;E:\developServer\apache-maven-3.6.3\boot\plexus-classworlds.license;D:\DevelopUtils\ideaIU-2020.2.win\lib\idea_rt.jar
Launcher Type: SUN_STANDARD

Environment Variables:
JAVA_HOME=C:\Program Files\Java\jdk1.8.0_181
CLASSPATH=.C:\Program Files\Java\jdk1.8.0_181\lib;C:\Program Files\Java\jdk1.8.0_181\lib\tools.jar
PATH=D:\Program Files (x86)\VMware\VMware Workstation\bin\;C:\Python38\Scripts\;C:\Python38\;C:\Windows\system32;C:\Windows;C:\Windows\System32\Wbem;C:\Windows\System32\WindowsPowerShell\v1.0\;C:\Program Files\Java\jdk1.8.0_181\bin;C:\Program Files (x86)\NVIDIA Corporation\PhysX\Common;C:\Program Files\NVIDIA Corporation\NVIDIA NvDLISR;E:\developServer\apache-maven-3.6.3\bin;E:\developServer\Redis\redis-2.8.9;D:\Program Files\erl9.2\bin;%RABBITMQ_SERVER%\sbin;D:\Program Files\mysql-5.7.30-winx64\bin;%nexus%;D:\Program Files\MongoDB\Server\3.4\bin;C:\Program Files\Java\jdk1.8.0_181\bin;D:\Program Files (x86)\Subversion\bin;C:\ProgramData\chocolatey\bin;C:\WINDOWS\system32;C:\WINDOWS;C:\WINDOWS\System32\Wbem;C:\WINDOWS\System32\WindowsPowerShell\v1.0\;C:\WINDOWS\System32\OpenSSH\;D:\Program Files\Git\cmd;C:\Program Files\TortoiseGit\bin;D:\HashiCorp\Vagrant\bin;C:\Program Files\nodejs\;D:\Program Files\Python3.7.9\Scripts\;D:\Program Files\Python3.7.9\;D:\Program Files\Ruby26-x64\bin;D:\Program Files\JetBrains\IntelliJ IDEA 2019.2.1\bin;D:\Program Files\Microsoft VS Code\bin;C:\Users\Administrator\AppData\Local\Microsoft\WindowsApps;D:\Program Files (x86)\Fiddler;C:\Users\Administrator\AppData\Roaming\npm
USERNAME=Administrator
OS=Windows_NT
PROCESSOR_IDENTIFIER=Intel64 Family 6 Model 58 Stepping 9, GenuineIntel



---------------  S Y S T E M  ---------------

OS: Windows 10.0 , 64 bit Build 19041 (10.0.19041.546)

CPU:total 4 (initial active 4) (2 cores per cpu, 2 threads per core) family 6 model 58 stepping 9, cmov, cx8, fxsr, mmx, sse, sse2, sse3, ssse3, sse4.1, sse4.2, popcnt, avx, aes, clmul, erms, ht, tsc, tscinvbit, tscinv

Memory: 4k page, physical 16726380k(6094892k free), swap 17774956k(4748k free)

vm_info: Java HotSpot(TM) 64-Bit Server VM (25.181-b13) for windows-amd64 JRE (1.8.0_181-b13), built on Jul  7 2018 04:01:33 by "java_re" with MS VC++ 10.0 (VS2010)

time: Wed Oct 14 12:15:50 2020
elapsed time: 94 seconds (0d 0h 1m 34s)

