#
# There is insufficient memory for the Java Runtime Environment to continue.
# Native memory allocation (malloc) failed to allocate 32744 bytes for ChunkPool::allocate
# Possible reasons:
#   The system is out of physical RAM or swap space
#   In 32 bit mode, the process size limit was hit
# Possible solutions:
#   Reduce memory load on the system
#   Increase physical memory or swap space
#   Check if swap backing store is full
#   Use 64 bit Java on a 64 bit OS
#   Decrease Java heap size (-Xmx/-Xms)
#   Decrease number of Java threads
#   Decrease Java thread stack sizes (-Xss)
#   Set larger code cache with -XX:ReservedCodeCacheSize=
# This output file may be truncated or incomplete.
#
#  Out of Memory Error (allocation.cpp:273), pid=1496, tid=0x0000000000001230
#
# JRE version: Java(TM) SE Runtime Environment (8.0_181-b13) (build 1.8.0_181-b13)
# Java VM: Java HotSpot(TM) 64-Bit Server VM (25.181-b13 mixed mode windows-amd64 compressed oops)
# Failed to write core dump. Minidumps are not enabled by default on client versions of Windows
#

---------------  T H R E A D  ---------------

Current thread (0x000000001d98a000):  JavaThread "C2 CompilerThread0" daemon [_thread_in_native, id=4656, stack(0x000000001e050000,0x000000001e150000)]

Stack: [0x000000001e050000,0x000000001e150000]
[error occurred during error reporting (printing stack bounds), id 0xc0000005]

Native frames: (J=compiled Java code, j=interpreted, Vv=VM code, C=native code)


Current CompileTask:
C2:  87769 5170   !   4       java.net.URLClassLoader$1::run (63 bytes)


---------------  P R O C E S S  ---------------

Java Threads: ( => current thread )
  0x000000001f2f0000 JavaThread "Thread-3" daemon [_thread_in_native, id=13948, stack(0x0000000000de0000,0x0000000000ee0000)]
  0x000000001efb8800 JavaThread "localhost-startStop-1" daemon [_thread_in_native, id=12164, stack(0x0000000022f00000,0x0000000023000000)]
  0x000000002041e800 JavaThread "Tomcat-startStop-1" daemon [_thread_blocked, id=7008, stack(0x0000000022e00000,0x0000000022f00000)]
  0x000000001d9ed800 JavaThread "Service Thread" daemon [_thread_blocked, id=12876, stack(0x000000001e350000,0x000000001e450000)]
  0x000000001d9e4800 JavaThread "C1 CompilerThread2" daemon [_thread_blocked, id=688, stack(0x000000001e250000,0x000000001e350000)]
  0x000000001d9e3800 JavaThread "C2 CompilerThread1" daemon [_thread_in_native, id=10420, stack(0x000000001e150000,0x000000001e250000)]
=>0x000000001d98a000 JavaThread "C2 CompilerThread0" daemon [_thread_in_native, id=4656, stack(0x000000001e050000,0x000000001e150000)]
  0x000000001d988800 JavaThread "Monitor Ctrl-Break" daemon [_thread_in_native, id=13752, stack(0x000000001df50000,0x000000001e050000)]
  0x000000001c656000 JavaThread "Attach Listener" daemon [_thread_blocked, id=3680, stack(0x000000001de50000,0x000000001df50000)]
  0x000000001c655800 JavaThread "Signal Dispatcher" daemon [_thread_blocked, id=13940, stack(0x000000001dd50000,0x000000001de50000)]
  0x000000001c5ea800 JavaThread "Finalizer" daemon [_thread_blocked, id=4172, stack(0x000000001d850000,0x000000001d950000)]
  0x0000000002f82800 JavaThread "Reference Handler" daemon [_thread_blocked, id=6120, stack(0x000000001d750000,0x000000001d850000)]
  0x0000000002b8e800 JavaThread "main" [_thread_blocked, id=4860, stack(0x0000000002b90000,0x0000000002c90000)]

Other Threads:
  0x000000001c5c8800 VMThread [stack: 0x000000001d650000,0x000000001d750000] [id=12148]
  0x000000001da3d800 WatcherThread [stack: 0x000000001e450000,0x000000001e550000] [id=5540]

VM state:not at safepoint (normal execution)

VM Mutex/Monitor currently owned by a thread: None

Heap:
 PSYoungGen      total 513024K, used 338149K [0x000000076ae00000, 0x000000078b900000, 0x00000007c0000000)
  eden space 491520K, 64% used [0x000000076ae00000,0x000000077e33b258,0x0000000788e00000)
  from space 21504K, 99% used [0x000000078a300000,0x000000078b7fe400,0x000000078b800000)
  to   space 21504K, 0% used [0x0000000788e00000,0x0000000788e00000,0x000000078a300000)
 ParOldGen       total 349696K, used 55279K [0x00000006c0a00000, 0x00000006d5f80000, 0x000000076ae00000)
  object space 349696K, 15% used [0x00000006c0a00000,0x00000006c3ffbfe8,0x00000006d5f80000)
 Metaspace       used 33001K, capacity 33716K, committed 34048K, reserved 1079296K
  class space    used 3836K, capacity 4009K, committed 4096K, reserved 1048576K

Card table byte_map: [0x0000000012350000,0x0000000012b50000] byte_map_base: 0x000000000ed4b000

Marking Bits: (ParMarkBitMap*) 0x000000006f252d00
 Begin Bits: [0x00000000134b0000, 0x0000000017488000)
 End Bits:   [0x0000000017488000, 0x000000001b460000)

Polling page: 0x0000000002ac0000

CodeCache: size=245760Kb used=17311Kb max_used=17311Kb free=228448Kb
 bounds [0x0000000002f90000, 0x0000000004090000, 0x0000000011f90000]
 total_blobs=4964 nmethods=4524 adapters=352
 compilation: enabled

Compilation events (10 events):
Event: 87.091 Thread 0x000000001d9e4800 5220       3       org.springframework.core.SerializableTypeWrapper::forGenericInterfaces (42 bytes)
Event: 87.092 Thread 0x000000001d9e4800 nmethod 5220 0x0000000004080690 code [0x0000000004080880, 0x00000000040810b8]
Event: 87.092 Thread 0x000000001d9e4800 5219       3       sun.reflect.generics.parser.SignatureParser::<init> (10 bytes)
Event: 87.092 Thread 0x000000001d9e4800 nmethod 5219 0x00000000040814d0 code [0x0000000004081620, 0x00000000040817d0]
Event: 87.092 Thread 0x000000001d9e4800 5221       3       sun.misc.ProxyGenerator::addProxyMethod (234 bytes)
Event: 87.095 Thread 0x000000001d9e4800 nmethod 5221 0x0000000004081890 code [0x0000000004081bc0, 0x0000000004083968]
Event: 87.095 Thread 0x000000001d9e4800 5222       3       org.springframework.util.ConcurrentReferenceHashMap$Task::hasOption (9 bytes)
Event: 87.095 Thread 0x000000001d9e4800 nmethod 5222 0x0000000004084750 code [0x00000000040848c0, 0x0000000004084ae8]
Event: 87.095 Thread 0x000000001d9e4800 5223       1       org.springframework.beans.GenericTypeAwarePropertyDescriptor::getWriteMethod (5 bytes)
Event: 87.095 Thread 0x000000001d9e4800 nmethod 5223 0x0000000004084bd0 code [0x0000000004084d20, 0x0000000004084e30]

GC Heap History (10 events):
Event: 18.240 GC heap before
{Heap before GC invocations=1 (full 0):
 PSYoungGen      total 153088K, used 131584K [0x000000076ae00000, 0x0000000775880000, 0x00000007c0000000)
  eden space 131584K, 100% used [0x000000076ae00000,0x0000000772e80000,0x0000000772e80000)
  from space 21504K, 0% used [0x0000000774380000,0x0000000774380000,0x0000000775880000)
  to   space 21504K, 0% used [0x0000000772e80000,0x0000000772e80000,0x0000000774380000)
 ParOldGen       total 349696K, used 0K [0x00000006c0a00000, 0x00000006d5f80000, 0x000000076ae00000)
  object space 349696K, 0% used [0x00000006c0a00000,0x00000006c0a00000,0x00000006d5f80000)
 Metaspace       used 16344K, capacity 16680K, committed 16896K, reserved 1064960K
  class space    used 1947K, capacity 2043K, committed 2048K, reserved 1048576K
Event: 18.879 GC heap after
Heap after GC invocations=1 (full 0):
 PSYoungGen      total 153088K, used 16518K [0x000000076ae00000, 0x000000077d900000, 0x00000007c0000000)
  eden space 131584K, 0% used [0x000000076ae00000,0x000000076ae00000,0x0000000772e80000)
  from space 21504K, 76% used [0x0000000772e80000,0x0000000773ea1a40,0x0000000774380000)
  to   space 21504K, 0% used [0x000000077c400000,0x000000077c400000,0x000000077d900000)
 ParOldGen       total 349696K, used 0K [0x00000006c0a00000, 0x00000006d5f80000, 0x000000076ae00000)
  object space 349696K, 0% used [0x00000006c0a00000,0x00000006c0a00000,0x00000006d5f80000)
 Metaspace       used 16344K, capacity 16680K, committed 16896K, reserved 1064960K
  class space    used 1947K, capacity 2043K, committed 2048K, reserved 1048576K
}
Event: 57.334 GC heap before
{Heap before GC invocations=2 (full 0):
 PSYoungGen      total 153088K, used 146845K [0x000000076ae00000, 0x000000077d900000, 0x00000007c0000000)
  eden space 131584K, 99% used [0x000000076ae00000,0x0000000772d45bf8,0x0000000772e80000)
  from space 21504K, 76% used [0x0000000772e80000,0x0000000773ea1a40,0x0000000774380000)
  to   space 21504K, 0% used [0x000000077c400000,0x000000077c400000,0x000000077d900000)
 ParOldGen       total 349696K, used 0K [0x00000006c0a00000, 0x00000006d5f80000, 0x000000076ae00000)
  object space 349696K, 0% used [0x00000006c0a00000,0x00000006c0a00000,0x00000006d5f80000)
 Metaspace       used 20562K, capacity 21098K, committed 21248K, reserved 1069056K
  class space    used 2360K, capacity 2494K, committed 2560K, reserved 1048576K
Event: 57.387 GC heap after
Heap after GC invocations=2 (full 0):
 PSYoungGen      total 284672K, used 14870K [0x000000076ae00000, 0x000000077d900000, 0x00000007c0000000)
  eden space 263168K, 0% used [0x000000076ae00000,0x000000076ae00000,0x000000077af00000)
  from space 21504K, 69% used [0x000000077c400000,0x000000077d285b20,0x000000077d900000)
  to   space 21504K, 0% used [0x000000077af00000,0x000000077af00000,0x000000077c400000)
 ParOldGen       total 349696K, used 16K [0x00000006c0a00000, 0x00000006d5f80000, 0x000000076ae00000)
  object space 349696K, 0% used [0x00000006c0a00000,0x00000006c0a04000,0x00000006d5f80000)
 Metaspace       used 20562K, capacity 21098K, committed 21248K, reserved 1069056K
  class space    used 2360K, capacity 2494K, committed 2560K, reserved 1048576K
}
Event: 57.387 GC heap before
{Heap before GC invocations=3 (full 1):
 PSYoungGen      total 284672K, used 14870K [0x000000076ae00000, 0x000000077d900000, 0x00000007c0000000)
  eden space 263168K, 0% used [0x000000076ae00000,0x000000076ae00000,0x000000077af00000)
  from space 21504K, 69% used [0x000000077c400000,0x000000077d285b20,0x000000077d900000)
  to   space 21504K, 0% used [0x000000077af00000,0x000000077af00000,0x000000077c400000)
 ParOldGen       total 349696K, used 16K [0x00000006c0a00000, 0x00000006d5f80000, 0x000000076ae00000)
  object space 349696K, 0% used [0x00000006c0a00000,0x00000006c0a04000,0x00000006d5f80000)
 Metaspace       used 20562K, capacity 21098K, committed 21248K, reserved 1069056K
  class space    used 2360K, capacity 2494K, committed 2560K, reserved 1048576K
Event: 57.610 GC heap after
Heap after GC invocations=3 (full 1):
 PSYoungGen      total 284672K, used 0K [0x000000076ae00000, 0x000000077d900000, 0x00000007c0000000)
  eden space 263168K, 0% used [0x000000076ae00000,0x000000076ae00000,0x000000077af00000)
  from space 21504K, 0% used [0x000000077c400000,0x000000077c400000,0x000000077d900000)
  to   space 21504K, 0% used [0x000000077af00000,0x000000077af00000,0x000000077c400000)
 ParOldGen       total 349696K, used 14635K [0x00000006c0a00000, 0x00000006d5f80000, 0x000000076ae00000)
  object space 349696K, 4% used [0x00000006c0a00000,0x00000006c184af68,0x00000006d5f80000)
 Metaspace       used 20562K, capacity 21098K, committed 21248K, reserved 1069056K
  class space    used 2360K, capacity 2494K, committed 2560K, reserved 1048576K
}
Event: 66.579 GC heap before
{Heap before GC invocations=4 (full 1):
 PSYoungGen      total 284672K, used 263168K [0x000000076ae00000, 0x000000077d900000, 0x00000007c0000000)
  eden space 263168K, 100% used [0x000000076ae00000,0x000000077af00000,0x000000077af00000)
  from space 21504K, 0% used [0x000000077c400000,0x000000077c400000,0x000000077d900000)
  to   space 21504K, 0% used [0x000000077af00000,0x000000077af00000,0x000000077c400000)
 ParOldGen       total 349696K, used 14635K [0x00000006c0a00000, 0x00000006d5f80000, 0x000000076ae00000)
  object space 349696K, 4% used [0x00000006c0a00000,0x00000006c184af68,0x00000006d5f80000)
 Metaspace       used 24515K, capacity 25134K, committed 25344K, reserved 1071104K
  class space    used 2808K, capacity 2965K, committed 3072K, reserved 1048576K
Event: 66.975 GC heap after
Heap after GC invocations=4 (full 1):
 PSYoungGen      total 284672K, used 21499K [0x000000076ae00000, 0x000000078b800000, 0x00000007c0000000)
  eden space 263168K, 0% used [0x000000076ae00000,0x000000076ae00000,0x000000077af00000)
  from space 21504K, 99% used [0x000000077af00000,0x000000077c3fefb0,0x000000077c400000)
  to   space 21504K, 0% used [0x000000078a300000,0x000000078a300000,0x000000078b800000)
 ParOldGen       total 349696K, used 29584K [0x00000006c0a00000, 0x00000006d5f80000, 0x000000076ae00000)
  object space 349696K, 8% used [0x00000006c0a00000,0x00000006c26e41c0,0x00000006d5f80000)
 Metaspace       used 24515K, capacity 25134K, committed 25344K, reserved 1071104K
  class space    used 2808K, capacity 2965K, committed 3072K, reserved 1048576K
}
Event: 72.613 GC heap before
{Heap before GC invocations=5 (full 1):
 PSYoungGen      total 284672K, used 284667K [0x000000076ae00000, 0x000000078b800000, 0x00000007c0000000)
  eden space 263168K, 100% used [0x000000076ae00000,0x000000077af00000,0x000000077af00000)
  from space 21504K, 99% used [0x000000077af00000,0x000000077c3fefb0,0x000000077c400000)
  to   space 21504K, 0% used [0x000000078a300000,0x000000078a300000,0x000000078b800000)
 ParOldGen       total 349696K, used 29584K [0x00000006c0a00000, 0x00000006d5f80000, 0x000000076ae00000)
  object space 349696K, 8% used [0x00000006c0a00000,0x00000006c26e41c0,0x00000006d5f80000)
 Metaspace       used 24547K, capacity 25144K, committed 25344K, reserved 1071104K
  class space    used 2813K, capacity 2967K, committed 3072K, reserved 1048576K
Event: 72.774 GC heap after
Heap after GC invocations=5 (full 1):
 PSYoungGen      total 513024K, used 21497K [0x000000076ae00000, 0x000000078b900000, 0x00000007c0000000)
  eden space 491520K, 0% used [0x000000076ae00000,0x000000076ae00000,0x0000000788e00000)
  from space 21504K, 99% used [0x000000078a300000,0x000000078b7fe400,0x000000078b800000)
  to   space 21504K, 0% used [0x0000000788e00000,0x0000000788e00000,0x000000078a300000)
 ParOldGen       total 349696K, used 55279K [0x00000006c0a00000, 0x00000006d5f80000, 0x000000076ae00000)
  object space 349696K, 15% used [0x00000006c0a00000,0x00000006c3ffbfe8,0x00000006d5f80000)
 Metaspace       used 24547K, capacity 25144K, committed 25344K, reserved 1071104K
  class space    used 2813K, capacity 2967K, committed 3072K, reserved 1048576K
}

Deoptimization events (10 events):
Event: 81.325 Thread 0x000000001efb8800 Uncommon trap: reason=class_check action=maybe_recompile pc=0x00000000035484e0 method=com.sun.org.apache.xerces.internal.impl.XMLDocumentFragmentScannerImpl$FragmentContentDriver.next()I @ 2223
Event: 81.326 Thread 0x000000001efb8800 Uncommon trap: reason=class_check action=maybe_recompile pc=0x00000000035484f0 method=com.sun.org.apache.xerces.internal.impl.XMLDocumentFragmentScannerImpl$FragmentContentDriver.next()I @ 439
Event: 81.326 Thread 0x000000001efb8800 Uncommon trap: reason=class_check action=maybe_recompile pc=0x00000000035484f0 method=com.sun.org.apache.xerces.internal.impl.XMLDocumentFragmentScannerImpl$FragmentContentDriver.next()I @ 439
Event: 81.610 Thread 0x000000001efb8800 Uncommon trap: reason=unstable_if action=reinterpret pc=0x0000000003367960 method=java.util.concurrent.ConcurrentHashMap.putVal(Ljava/lang/Object;Ljava/lang/Object;Z)Ljava/lang/Object; @ 206
Event: 81.673 Thread 0x000000001efb8800 Uncommon trap: reason=unstable_if action=reinterpret pc=0x0000000003836aec method=java.lang.ThreadLocal$ThreadLocalMap.getEntry(Ljava/lang/ThreadLocal;)Ljava/lang/ThreadLocal$ThreadLocalMap$Entry; @ 29
Event: 81.693 Thread 0x000000001efb8800 Uncommon trap: reason=class_check action=maybe_recompile pc=0x0000000003eb1564 method=com.sun.org.apache.xerces.internal.impl.XMLDocumentFragmentScannerImpl$FragmentContentDriver.next()I @ 1410
Event: 81.775 Thread 0x000000001efb8800 Uncommon trap: reason=class_check action=maybe_recompile pc=0x0000000003eb1564 method=com.sun.org.apache.xerces.internal.impl.XMLDocumentFragmentScannerImpl$FragmentContentDriver.next()I @ 1410
Event: 82.460 Thread 0x000000001efb8800 Uncommon trap: reason=bimorphic action=maybe_recompile pc=0x0000000003768fd4 method=java.util.HashMap.putVal(ILjava/lang/Object;Ljava/lang/Object;ZZ)Ljava/lang/Object; @ 253
Event: 82.649 Thread 0x000000001efb8800 Uncommon trap: reason=bimorphic action=maybe_recompile pc=0x0000000003768fd4 method=java.util.HashMap.putVal(ILjava/lang/Object;Ljava/lang/Object;ZZ)Ljava/lang/Object; @ 253
Event: 86.231 Thread 0x000000001efb8800 Uncommon trap: reason=unstable_if action=reinterpret pc=0x0000000003fd35a4 method=sun.misc.URLClassPath$JarLoader.getResource(Ljava/lang/String;ZLjava/util/Set;)Lsun/misc/Resource; @ 17

Classes redefined (0 events):
No events

Internal exceptions (10 events):
Event: 87.043 Thread 0x000000001efb8800 Exception <a 'java/lang/ClassNotFoundException': org/springframework/aop/support/DefaultBeanFactoryPointcutAdvisorBeanInfo> (0x000000077dec0fa0) thrown at [C:\re\workspace\8-2-build-windows-amd64-cygwin\jdk8u181\11358\hotspot\src\share\vm\classfile\system
Event: 87.046 Thread 0x000000001efb8800 Exception <a 'java/lang/ClassNotFoundException': org/springframework/aop/support/AbstractBeanFactoryPointcutAdvisorBeanInfo> (0x000000077deea6e8) thrown at [C:\re\workspace\8-2-build-windows-amd64-cygwin\jdk8u181\11358\hotspot\src\share\vm\classfile\syste
Event: 87.048 Thread 0x000000001efb8800 Exception <a 'java/lang/ClassNotFoundException': org/springframework/aop/support/AbstractPointcutAdvisorBeanInfo> (0x000000077df11310) thrown at [C:\re\workspace\8-2-build-windows-amd64-cygwin\jdk8u181\11358\hotspot\src\share\vm\classfile\systemDictionary
Event: 87.051 Thread 0x000000001efb8800 Exception <a 'java/lang/ClassNotFoundException': org/springframework/aop/support/AbstractPointcutAdvisorCustomizer> (0x000000077df386b0) thrown at [C:\re\workspace\8-2-build-windows-amd64-cygwin\jdk8u181\11358\hotspot\src\share\vm\classfile\systemDictiona
Event: 87.054 Thread 0x000000001efb8800 Exception <a 'java/lang/ClassNotFoundException': org/springframework/aop/support/AbstractBeanFactoryPointcutAdvisorCustomizer> (0x000000077df68900) thrown at [C:\re\workspace\8-2-build-windows-amd64-cygwin\jdk8u181\11358\hotspot\src\share\vm\classfile\sys
Event: 87.058 Thread 0x000000001efb8800 Exception <a 'java/lang/ClassNotFoundException': org/springframework/aop/support/DefaultBeanFactoryPointcutAdvisorCustomizer> (0x000000077df9b788) thrown at [C:\re\workspace\8-2-build-windows-amd64-cygwin\jdk8u181\11358\hotspot\src\share\vm\classfile\syst
Event: 87.078 Thread 0x000000001efb8800 Exception <a 'java/lang/ClassNotFoundException': org/springframework/aop/aspectj/AspectJExpressionPointcutBeanInfo> (0x000000077e039450) thrown at [C:\re\workspace\8-2-build-windows-amd64-cygwin\jdk8u181\11358\hotspot\src\share\vm\classfile\systemDictiona
Event: 87.080 Thread 0x000000001efb8800 Exception <a 'java/lang/ClassNotFoundException': org/springframework/aop/support/AbstractExpressionPointcutBeanInfo> (0x000000077e0612a0) thrown at [C:\re\workspace\8-2-build-windows-amd64-cygwin\jdk8u181\11358\hotspot\src\share\vm\classfile\systemDiction
Event: 87.085 Thread 0x000000001efb8800 Exception <a 'java/lang/ClassNotFoundException': org/springframework/aop/support/AbstractExpressionPointcutCustomizer> (0x000000077e08a148) thrown at [C:\re\workspace\8-2-build-windows-amd64-cygwin\jdk8u181\11358\hotspot\src\share\vm\classfile\systemDicti
Event: 87.088 Thread 0x000000001efb8800 Exception <a 'java/lang/ClassNotFoundException': org/springframework/aop/aspectj/AspectJExpressionPointcutCustomizer> (0x000000077e0b8f68) thrown at [C:\re\workspace\8-2-build-windows-amd64-cygwin\jdk8u181\11358\hotspot\src\share\vm\classfile\systemDictio

Events (10 events):
Event: 87.087 loading class org/springframework/aop/aspectj/AspectJExpressionPointcutCustomizer
Event: 87.087 loading class org/springframework/aop/aspectj/AspectJExpressionPointcutCustomizer done
Event: 87.087 loading class org/springframework/aop/aspectj/AspectJExpressionPointcutCustomizer
Event: 87.087 loading class org/springframework/aop/aspectj/AspectJExpressionPointcutCustomizer done
Event: 87.087 loading class org/springframework/aop/aspectj/AspectJExpressionPointcutCustomizer
Event: 87.087 loading class org/springframework/aop/aspectj/AspectJExpressionPointcutCustomizer done
Event: 87.087 loading class org/springframework/aop/aspectj/AspectJExpressionPointcutCustomizer
Event: 87.088 loading class org/springframework/aop/aspectj/AspectJExpressionPointcutCustomizer done
Event: 87.088 loading class sun/reflect/generics/tree/BooleanSignature
Event: 87.088 loading class sun/reflect/generics/tree/BooleanSignature done


Dynamic libraries:
0x00007ff769200000 - 0x00007ff769237000 	C:\Program Files\Java\jdk1.8.0_181\bin\java.exe
0x00007ffeea610000 - 0x00007ffeea806000 	C:\WINDOWS\SYSTEM32\ntdll.dll
0x00007ffee9e40000 - 0x00007ffee9efd000 	C:\WINDOWS\System32\KERNEL32.DLL
0x00007ffee8380000 - 0x00007ffee8648000 	C:\WINDOWS\System32\KERNELBASE.dll
0x00007ffee87c0000 - 0x00007ffee886a000 	C:\WINDOWS\System32\ADVAPI32.dll
0x00007ffee8870000 - 0x00007ffee890e000 	C:\WINDOWS\System32\msvcrt.dll
0x00007ffee9c30000 - 0x00007ffee9ccb000 	C:\WINDOWS\System32\sechost.dll
0x00007ffeea1c0000 - 0x00007ffeea2e4000 	C:\WINDOWS\System32\RPCRT4.dll
0x00007ffeea360000 - 0x00007ffeea500000 	C:\WINDOWS\System32\USER32.dll
0x00007ffee8650000 - 0x00007ffee8672000 	C:\WINDOWS\System32\win32u.dll
0x00007ffee8790000 - 0x00007ffee87ba000 	C:\WINDOWS\System32\GDI32.dll
0x00007ffee8270000 - 0x00007ffee8379000 	C:\WINDOWS\System32\gdi32full.dll
0x00007ffee8170000 - 0x00007ffee820d000 	C:\WINDOWS\System32\msvcp_win.dll
0x00007ffee7ff0000 - 0x00007ffee80f0000 	C:\WINDOWS\System32\ucrtbase.dll
0x00007ffed8ed0000 - 0x00007ffed916b000 	C:\WINDOWS\WinSxS\amd64_microsoft.windows.common-controls_6595b64144ccf1df_6.0.19041.488_none_ca04af081b815d21\COMCTL32.dll
0x00007ffee9c00000 - 0x00007ffee9c30000 	C:\WINDOWS\System32\IMM32.DLL
0x000000006f9d0000 - 0x000000006faa2000 	C:\Program Files\Java\jdk1.8.0_181\jre\bin\msvcr100.dll
0x000000006ea30000 - 0x000000006f2d2000 	C:\Program Files\Java\jdk1.8.0_181\jre\bin\server\jvm.dll
0x00007ffee9e10000 - 0x00007ffee9e18000 	C:\WINDOWS\System32\PSAPI.DLL
0x00007ffeccec0000 - 0x00007ffeccec9000 	C:\WINDOWS\SYSTEM32\WSOCK32.dll
0x00007ffee9820000 - 0x00007ffee988b000 	C:\WINDOWS\System32\WS2_32.dll
0x00007ffedaee0000 - 0x00007ffedaf07000 	C:\WINDOWS\SYSTEM32\WINMM.dll
0x00007ffedf940000 - 0x00007ffedf94a000 	C:\WINDOWS\SYSTEM32\VERSION.dll
0x000000006f9c0000 - 0x000000006f9cf000 	C:\Program Files\Java\jdk1.8.0_181\jre\bin\verify.dll
0x000000006f990000 - 0x000000006f9b9000 	C:\Program Files\Java\jdk1.8.0_181\jre\bin\java.dll
0x000000006f770000 - 0x000000006f793000 	C:\Program Files\Java\jdk1.8.0_181\jre\bin\instrument.dll
0x000000006f970000 - 0x000000006f986000 	C:\Program Files\Java\jdk1.8.0_181\jre\bin\zip.dll
0x00007ffee8a30000 - 0x00007ffee9170000 	C:\WINDOWS\System32\SHELL32.dll
0x00007ffee5e90000 - 0x00007ffee6624000 	C:\WINDOWS\SYSTEM32\windows.storage.dll
0x00007ffee9890000 - 0x00007ffee9be5000 	C:\WINDOWS\System32\combase.dll
0x00007ffee77d0000 - 0x00007ffee77fc000 	C:\WINDOWS\SYSTEM32\Wldp.dll
0x00007ffee9f00000 - 0x00007ffee9fae000 	C:\WINDOWS\System32\SHCORE.dll
0x00007ffee9db0000 - 0x00007ffee9e05000 	C:\WINDOWS\System32\shlwapi.dll
0x00007ffee7c90000 - 0x00007ffee7cb6000 	C:\WINDOWS\SYSTEM32\profapi.dll
0x00007ffed7db0000 - 0x00007ffed7dca000 	D:\DevelopUtils\ideaIU-2020.2.win\bin\breakgen64.dll
0x000000006f950000 - 0x000000006f96a000 	C:\Program Files\Java\jdk1.8.0_181\jre\bin\net.dll
0x00007ffee7550000 - 0x00007ffee75ba000 	C:\WINDOWS\system32\mswsock.dll
0x00007ffee7720000 - 0x00007ffee7738000 	C:\WINDOWS\SYSTEM32\CRYPTSP.dll
0x00007ffee6e70000 - 0x00007ffee6ea4000 	C:\WINDOWS\system32\rsaenh.dll
0x00007ffee80f0000 - 0x00007ffee8117000 	C:\WINDOWS\System32\bcrypt.dll
0x00007ffee7c50000 - 0x00007ffee7c7e000 	C:\WINDOWS\SYSTEM32\USERENV.dll
0x00007ffee7f70000 - 0x00007ffee7fef000 	C:\WINDOWS\System32\bcryptprimitives.dll
0x00007ffee7740000 - 0x00007ffee774c000 	C:\WINDOWS\SYSTEM32\CRYPTBASE.dll
0x00007ffee71f0000 - 0x00007ffee722b000 	C:\WINDOWS\SYSTEM32\IPHLPAPI.DLL
0x00007ffeea350000 - 0x00007ffeea359000 	C:\WINDOWS\System32\NSI.dll
0x00007ffedffc0000 - 0x00007ffedffd7000 	C:\WINDOWS\SYSTEM32\dhcpcsvc6.DLL
0x00007ffee0310000 - 0x00007ffee032d000 	C:\WINDOWS\SYSTEM32\dhcpcsvc.DLL
0x00007ffee7240000 - 0x00007ffee730b000 	C:\WINDOWS\SYSTEM32\DNSAPI.dll
0x000000006f920000 - 0x000000006f931000 	C:\Program Files\Java\jdk1.8.0_181\jre\bin\nio.dll
0x00007ffed7850000 - 0x00007ffed785a000 	C:\Users\Administrator\AppData\Local\Temp\jansi-1.17.1-1933085337858192019.dll
0x00007ffed5cc0000 - 0x00007ffed5cca000 	C:\Users\Administrator\AppData\Local\Temp\jansi-1.17.1-611756642310963716.dll
0x000000006f940000 - 0x000000006f94d000 	C:\Program Files\Java\jdk1.8.0_181\jre\bin\management.dll

VM Arguments:
jvm_args: -Dmaven.multiModuleProjectDirectory=E:\code\idea-workspace\taotao-parent\taotao-content\taotao-content-service -Xms512m -Xmx4086m -DarchetypeCatalog=internal -Dmaven.home=E:\developServer\apache-maven-3.6.3 -Dclassworlds.conf=E:\developServer\apache-maven-3.6.3\bin\m2.conf -Dmaven.ext.class.path=D:\DevelopUtils\ideaIU-2020.2.win\plugins\maven\lib\maven-event-listener.jar -javaagent:D:\DevelopUtils\ideaIU-2020.2.win\lib\idea_rt.jar=46002:D:\DevelopUtils\ideaIU-2020.2.win\bin -Dfile.encoding=UTF-8 
java_command: org.codehaus.classworlds.Launcher -Didea.version=2020.2.1 -s E:\developServer\apache-maven-3.6.3\conf\settings.xml -Dmaven.repo.local=E:\developServer\Repository -DskipTests=true tomcat7:run
java_class_path (initial): E:\developServer\apache-maven-3.6.3\boot\plexus-classworlds-2.6.0.jar;E:\developServer\apache-maven-3.6.3\boot\plexus-classworlds.license;D:\DevelopUtils\ideaIU-2020.2.win\lib\idea_rt.jar
Launcher Type: SUN_STANDARD

Environment Variables:
JAVA_HOME=C:\Program Files\Java\jdk1.8.0_181
CLASSPATH=.C:\Program Files\Java\jdk1.8.0_181\lib;C:\Program Files\Java\jdk1.8.0_181\lib\tools.jar
PATH=D:\Program Files (x86)\VMware\VMware Workstation\bin\;C:\Python38\Scripts\;C:\Python38\;C:\Windows\system32;C:\Windows;C:\Windows\System32\Wbem;C:\Windows\System32\WindowsPowerShell\v1.0\;C:\Program Files\Java\jdk1.8.0_181\bin;C:\Program Files (x86)\NVIDIA Corporation\PhysX\Common;C:\Program Files\NVIDIA Corporation\NVIDIA NvDLISR;E:\developServer\apache-maven-3.6.3\bin;E:\developServer\Redis\redis-2.8.9;D:\Program Files\erl9.2\bin;%RABBITMQ_SERVER%\sbin;D:\Program Files\mysql-5.7.30-winx64\bin;%nexus%;D:\Program Files\MongoDB\Server\3.4\bin;C:\Program Files\Java\jdk1.8.0_181\bin;D:\Program Files (x86)\Subversion\bin;C:\ProgramData\chocolatey\bin;C:\WINDOWS\system32;C:\WINDOWS;C:\WINDOWS\System32\Wbem;C:\WINDOWS\System32\WindowsPowerShell\v1.0\;C:\WINDOWS\System32\OpenSSH\;D:\Program Files\Git\cmd;C:\Program Files\TortoiseGit\bin;D:\HashiCorp\Vagrant\bin;C:\Program Files\nodejs\;D:\Program Files\Python3.7.9\Scripts\;D:\Program Files\Python3.7.9\;D:\Program Files\Ruby26-x64\bin;D:\Program Files\JetBrains\IntelliJ IDEA 2019.2.1\bin;D:\Program Files\Microsoft VS Code\bin;C:\Users\Administrator\AppData\Local\Microsoft\WindowsApps;D:\Program Files (x86)\Fiddler;C:\Users\Administrator\AppData\Roaming\npm
USERNAME=Administrator
OS=Windows_NT
PROCESSOR_IDENTIFIER=Intel64 Family 6 Model 58 Stepping 9, GenuineIntel



---------------  S Y S T E M  ---------------

OS: Windows 10.0 , 64 bit Build 19041 (10.0.19041.546)

CPU:total 4 (initial active 4) (2 cores per cpu, 2 threads per core) family 6 model 58 stepping 9, cmov, cx8, fxsr, mmx, sse, sse2, sse3, ssse3, sse4.1, sse4.2, popcnt, avx, aes, clmul, erms, ht, tsc, tscinvbit, tscinv

Memory: 4k page, physical 16726380k(6462756k free), swap 17774956k(1116436k free)

vm_info: Java HotSpot(TM) 64-Bit Server VM (25.181-b13) for windows-amd64 JRE (1.8.0_181-b13), built on Jul  7 2018 04:01:33 by "java_re" with MS VC++ 10.0 (VS2010)

time: Wed Oct 14 12:15:51 2020
elapsed time: 87 seconds (0d 0h 1m 27s)

